# JRE version: OpenJDK Runtime Environment Temurin-21.0.8+9 (21.0.8+9) (build 21.0.8+9-LTS)
# Java VM: OpenJDK 64-Bit Server VM Temurin-21.0.8+9 (21.0.8+9-LTS, mixed mode, sharing, tiered, compressed oops, compressed class ptrs, parallel gc, windows-amd64)
GC Precious Log:
 CardTable entry size: 512
 CPUs: 12 total, 12 available
 Memory: 16177M
 Large Page Support: Disabled
 NUMA Support: Disabled
 Compressed Oops: Enabled (32-bit)
 Alignments: Space 512K, Generation 512K, Heap 2M
 Heap Min Capacity: 100M
 Heap Initial Capacity: 100M
 Heap Max Capacity: 2G
 Pre-touch: Disabled
 Parallel Workers: 10
Heap:
 PSYoungGen      total 6144K, used 751K [0x00000000d5580000, 0x00000000d5e00000, 0x0000000100000000)
  eden space 5632K, 7% used [0x00000000d5580000,0x00000000d55e3c38,0x00000000d5b00000)
  from space 512K, 68% used [0x00000000d5d80000,0x00000000d5dd8000,0x00000000d5e00000)
  to   space 512K, 0% used [0x00000000d5d00000,0x00000000d5d00000,0x00000000d5d80000)
 ParOldGen       total 541696K, used 541311K [0x0000000080000000, 0x00000000a1100000, 0x00000000d5580000)
  object space 541696K, 99% used [0x0000000080000000,0x00000000a109ff88,0x00000000a1100000)
 Metaspace       used 88689K, committed 90432K, reserved 1179648K
  class space    used 10589K, committed 11328K, reserved 1048576K
GC Heap History (20 events):
Event: 367.733 GC heap before
{Heap before GC invocations=634 (full 3):
 PSYoungGen      total 6656K, used 6652K [0x00000000d5580000, 0x00000000d6000000, 0x0000000100000000)
  eden space 5632K, 100% used [0x00000000d5580000,0x00000000d5b00000,0x00000000d5b00000)
  from space 1024K, 99% used [0x00000000d5f00000,0x00000000d5fff0d8,0x00000000d6000000)
  to   space 2048K, 0% used [0x00000000d5c00000,0x00000000d5c00000,0x00000000d5e00000)
 ParOldGen       total 536064K, used 535907K [0x0000000080000000, 0x00000000a0b80000, 0x00000000d5580000)
  object space 536064K, 99% used [0x0000000080000000,0x00000000a0b58ff0,0x00000000a0b80000)
 Metaspace       used 84673K, committed 86336K, reserved 1179648K
  class space    used 10222K, committed 10944K, reserved 1048576K
}
Event: 367.738 GC heap after
{Heap after GC invocations=634 (full 3):
 PSYoungGen      total 7680K, used 1280K [0x00000000d5580000, 0x00000000d5f80000, 0x0000000100000000)
  eden space 5632K, 0% used [0x00000000d5580000,0x00000000d5580000,0x00000000d5b00000)
  from space 2048K, 62% used [0x00000000d5c00000,0x00000000d5d40000,0x00000000d5e00000)
  to   space 1536K, 0% used [0x00000000d5e00000,0x00000000d5e00000,0x00000000d5f80000)
 ParOldGen       total 537088K, used 536890K [0x0000000080000000, 0x00000000a0c80000, 0x00000000d5580000)
  object space 537088K, 99% used [0x0000000080000000,0x00000000a0c4eb28,0x00000000a0c80000)
 Metaspace       used 84673K, committed 86336K, reserved 1179648K
  class space    used 10222K, committed 10944K, reserved 1048576K
}
Event: 367.908 GC heap before
{Heap before GC invocations=635 (full 3):
 PSYoungGen      total 7680K, used 6894K [0x00000000d5580000, 0x00000000d5f80000, 0x0000000100000000)
  eden space 5632K, 99% used [0x00000000d5580000,0x00000000d5afb8b0,0x00000000d5b00000)
  from space 2048K, 62% used [0x00000000d5c00000,0x00000000d5d40000,0x00000000d5e00000)
  to   space 1536K, 0% used [0x00000000d5e00000,0x00000000d5e00000,0x00000000d5f80000)
 ParOldGen       total 537088K, used 536890K [0x0000000080000000, 0x00000000a0c80000, 0x00000000d5580000)
  object space 537088K, 99% used [0x0000000080000000,0x00000000a0c4eb28,0x00000000a0c80000)
 Metaspace       used 85412K, committed 87104K, reserved 1179648K
  class space    used 10279K, committed 11008K, reserved 1048576K
}
Event: 367.912 GC heap after
{Heap after GC invocations=635 (full 3):
 PSYoungGen      total 6656K, used 700K [0x00000000d5580000, 0x00000000d5f00000, 0x0000000100000000)
  eden space 5632K, 0% used [0x00000000d5580000,0x00000000d5580000,0x00000000d5b00000)
  from space 1024K, 68% used [0x00000000d5e00000,0x00000000d5eaf1c0,0x00000000d5f00000)
  to   space 1024K, 0% used [0x00000000d5d00000,0x00000000d5d00000,0x00000000d5e00000)
 ParOldGen       total 537600K, used 537594K [0x0000000080000000, 0x00000000a0d00000, 0x00000000d5580000)
  object space 537600K, 99% used [0x0000000080000000,0x00000000a0cfe8e8,0x00000000a0d00000)
 Metaspace       used 85412K, committed 87104K, reserved 1179648K
  class space    used 10279K, committed 11008K, reserved 1048576K
}
Event: 368.105 GC heap before
{Heap before GC invocations=636 (full 3):
 PSYoungGen      total 6656K, used 6283K [0x00000000d5580000, 0x00000000d5f00000, 0x0000000100000000)
  eden space 5632K, 99% used [0x00000000d5580000,0x00000000d5af3d40,0x00000000d5b00000)
  from space 1024K, 68% used [0x00000000d5e00000,0x00000000d5eaf1c0,0x00000000d5f00000)
  to   space 1024K, 0% used [0x00000000d5d00000,0x00000000d5d00000,0x00000000d5e00000)
 ParOldGen       total 537600K, used 537594K [0x0000000080000000, 0x00000000a0d00000, 0x00000000d5580000)
  object space 537600K, 99% used [0x0000000080000000,0x00000000a0cfe8e8,0x00000000a0d00000)
 Metaspace       used 85927K, committed 87552K, reserved 1179648K
  class space    used 10314K, committed 11008K, reserved 1048576K
}
Event: 368.108 GC heap after
{Heap after GC invocations=636 (full 3):
 PSYoungGen      total 6656K, used 544K [0x00000000d5580000, 0x00000000d5e80000, 0x0000000100000000)
  eden space 5632K, 0% used [0x00000000d5580000,0x00000000d5580000,0x00000000d5b00000)
  from space 1024K, 53% used [0x00000000d5d00000,0x00000000d5d88000,0x00000000d5e00000)
  to   space 512K, 0% used [0x00000000d5e00000,0x00000000d5e00000,0x00000000d5e80000)
 ParOldGen       total 538112K, used 537990K [0x0000000080000000, 0x00000000a0d80000, 0x00000000d5580000)
  object space 538112K, 99% used [0x0000000080000000,0x00000000a0d61b80,0x00000000a0d80000)
 Metaspace       used 85927K, committed 87552K, reserved 1179648K
  class space    used 10314K, committed 11008K, reserved 1048576K
}
Event: 368.371 GC heap before
{Heap before GC invocations=637 (full 3):
 PSYoungGen      total 6656K, used 6176K [0x00000000d5580000, 0x00000000d5e80000, 0x0000000100000000)
  eden space 5632K, 100% used [0x00000000d5580000,0x00000000d5b00000,0x00000000d5b00000)
  from space 1024K, 53% used [0x00000000d5d00000,0x00000000d5d88000,0x00000000d5e00000)
  to   space 512K, 0% used [0x00000000d5e00000,0x00000000d5e00000,0x00000000d5e80000)
 ParOldGen       total 538112K, used 537990K [0x0000000080000000, 0x00000000a0d80000, 0x00000000d5580000)
  object space 538112K, 99% used [0x0000000080000000,0x00000000a0d61b80,0x00000000a0d80000)
 Metaspace       used 86143K, committed 87808K, reserved 1179648K
  class space    used 10326K, committed 11072K, reserved 1048576K
}
Event: 368.374 GC heap after
{Heap after GC invocations=637 (full 3):
 PSYoungGen      total 6144K, used 512K [0x00000000d5580000, 0x00000000d6000000, 0x0000000100000000)
  eden space 5632K, 0% used [0x00000000d5580000,0x00000000d5580000,0x00000000d5b00000)
  from space 512K, 100% used [0x00000000d5e00000,0x00000000d5e80000,0x00000000d5e80000)
  to   space 2560K, 0% used [0x00000000d5b00000,0x00000000d5b00000,0x00000000d5d80000)
 ParOldGen       total 539648K, used 539329K [0x0000000080000000, 0x00000000a0f00000, 0x00000000d5580000)
  object space 539648K, 99% used [0x0000000080000000,0x00000000a0eb0608,0x00000000a0f00000)
 Metaspace       used 86143K, committed 87808K, reserved 1179648K
  class space    used 10326K, committed 11072K, reserved 1048576K
}
Event: 368.744 GC heap before
{Heap before GC invocations=638 (full 3):
 PSYoungGen      total 6144K, used 6144K [0x00000000d5580000, 0x00000000d6000000, 0x0000000100000000)
  eden space 5632K, 100% used [0x00000000d5580000,0x00000000d5b00000,0x00000000d5b00000)
  from space 512K, 100% used [0x00000000d5e00000,0x00000000d5e80000,0x00000000d5e80000)
  to   space 2560K, 0% used [0x00000000d5b00000,0x00000000d5b00000,0x00000000d5d80000)
 ParOldGen       total 539648K, used 539329K [0x0000000080000000, 0x00000000a0f00000, 0x00000000d5580000)
  object space 539648K, 99% used [0x0000000080000000,0x00000000a0eb0608,0x00000000a0f00000)
 Metaspace       used 86589K, committed 88256K, reserved 1179648K
  class space    used 10331K, committed 11072K, reserved 1048576K
}
Event: 368.747 GC heap after
{Heap after GC invocations=638 (full 3):
 PSYoungGen      total 8192K, used 448K [0x00000000d5580000, 0x00000000d5e80000, 0x0000000100000000)
  eden space 5632K, 0% used [0x00000000d5580000,0x00000000d5580000,0x00000000d5b00000)
  from space 2560K, 17% used [0x00000000d5b00000,0x00000000d5b70000,0x00000000d5d80000)
  to   space 1024K, 0% used [0x00000000d5d80000,0x00000000d5d80000,0x00000000d5e80000)
 ParOldGen       total 540160K, used 539845K [0x0000000080000000, 0x00000000a0f80000, 0x00000000d5580000)
  object space 540160K, 99% used [0x0000000080000000,0x00000000a0f31580,0x00000000a0f80000)
 Metaspace       used 86589K, committed 88256K, reserved 1179648K
  class space    used 10331K, committed 11072K, reserved 1048576K
}
Event: 368.974 GC heap before
{Heap before GC invocations=639 (full 3):
 PSYoungGen      total 8192K, used 6080K [0x00000000d5580000, 0x00000000d5e80000, 0x0000000100000000)
  eden space 5632K, 100% used [0x00000000d5580000,0x00000000d5b00000,0x00000000d5b00000)
  from space 2560K, 17% used [0x00000000d5b00000,0x00000000d5b70000,0x00000000d5d80000)
  to   space 1024K, 0% used [0x00000000d5d80000,0x00000000d5d80000,0x00000000d5e80000)
 ParOldGen       total 540160K, used 539845K [0x0000000080000000, 0x00000000a0f80000, 0x00000000d5580000)
  object space 540160K, 99% used [0x0000000080000000,0x00000000a0f31580,0x00000000a0f80000)
 Metaspace       used 87089K, committed 88768K, reserved 1179648K
  class space    used 10370K, committed 11072K, reserved 1048576K
}
Event: 368.976 GC heap after
{Heap after GC invocations=639 (full 3):
 PSYoungGen      total 6144K, used 384K [0x00000000d5580000, 0x00000000d5e00000, 0x0000000100000000)
  eden space 5632K, 0% used [0x00000000d5580000,0x00000000d5580000,0x00000000d5b00000)
  from space 512K, 75% used [0x00000000d5d80000,0x00000000d5de0000,0x00000000d5e00000)
  to   space 512K, 0% used [0x00000000d5d00000,0x00000000d5d00000,0x00000000d5d80000)
 ParOldGen       total 540160K, used 540105K [0x0000000080000000, 0x00000000a0f80000, 0x00000000d5580000)
  object space 540160K, 99% used [0x0000000080000000,0x00000000a0f72460,0x00000000a0f80000)
 Metaspace       used 87089K, committed 88768K, reserved 1179648K
  class space    used 10370K, committed 11072K, reserved 1048576K
}
Event: 369.096 GC heap before
{Heap before GC invocations=640 (full 3):
 PSYoungGen      total 6144K, used 6016K [0x00000000d5580000, 0x00000000d5e00000, 0x0000000100000000)
  eden space 5632K, 100% used [0x00000000d5580000,0x00000000d5b00000,0x00000000d5b00000)
  from space 512K, 75% used [0x00000000d5d80000,0x00000000d5de0000,0x00000000d5e00000)
  to   space 512K, 0% used [0x00000000d5d00000,0x00000000d5d00000,0x00000000d5d80000)
 ParOldGen       total 540160K, used 540105K [0x0000000080000000, 0x00000000a0f80000, 0x00000000d5580000)
  object space 540160K, 99% used [0x0000000080000000,0x00000000a0f72460,0x00000000a0f80000)
 Metaspace       used 87203K, committed 88896K, reserved 1179648K
  class space    used 10390K, committed 11136K, reserved 1048576K
}
Event: 369.100 GC heap after
{Heap after GC invocations=640 (full 3):
 PSYoungGen      total 6144K, used 484K [0x00000000d5580000, 0x00000000d5e00000, 0x0000000100000000)
  eden space 5632K, 0% used [0x00000000d5580000,0x00000000d5580000,0x00000000d5b00000)
  from space 512K, 94% used [0x00000000d5d00000,0x00000000d5d79080,0x00000000d5d80000)
  to   space 512K, 0% used [0x00000000d5d80000,0x00000000d5d80000,0x00000000d5e00000)
 ParOldGen       total 541184K, used 540743K [0x0000000080000000, 0x00000000a1080000, 0x00000000d5580000)
  object space 541184K, 99% used [0x0000000080000000,0x00000000a1011c48,0x00000000a1080000)
 Metaspace       used 87203K, committed 88896K, reserved 1179648K
  class space    used 10390K, committed 11136K, reserved 1048576K
}
Event: 369.276 GC heap before
{Heap before GC invocations=641 (full 3):
 PSYoungGen      total 6144K, used 6116K [0x00000000d5580000, 0x00000000d5e00000, 0x0000000100000000)
  eden space 5632K, 100% used [0x00000000d5580000,0x00000000d5b00000,0x00000000d5b00000)
  from space 512K, 94% used [0x00000000d5d00000,0x00000000d5d79080,0x00000000d5d80000)
  to   space 512K, 0% used [0x00000000d5d80000,0x00000000d5d80000,0x00000000d5e00000)
 ParOldGen       total 541184K, used 540743K [0x0000000080000000, 0x00000000a1080000, 0x00000000d5580000)
  object space 541184K, 99% used [0x0000000080000000,0x00000000a1011c48,0x00000000a1080000)
 Metaspace       used 87844K, committed 89536K, reserved 1179648K
  class space    used 10476K, committed 11200K, reserved 1048576K
}
Event: 369.280 GC heap after
{Heap after GC invocations=641 (full 3):
 PSYoungGen      total 6144K, used 508K [0x00000000d5580000, 0x00000000d5e00000, 0x0000000100000000)
  eden space 5632K, 0% used [0x00000000d5580000,0x00000000d5580000,0x00000000d5b00000)
  from space 512K, 99% used [0x00000000d5d80000,0x00000000d5dff0b8,0x00000000d5e00000)
  to   space 1024K, 0% used [0x00000000d5c00000,0x00000000d5c00000,0x00000000d5d00000)
 ParOldGen       total 541184K, used 540831K [0x0000000080000000, 0x00000000a1080000, 0x00000000d5580000)
  object space 541184K, 99% used [0x0000000080000000,0x00000000a1027c48,0x00000000a1080000)
 Metaspace       used 87844K, committed 89536K, reserved 1179648K
  class space    used 10476K, committed 11200K, reserved 1048576K
}
Event: 369.470 GC heap before
{Heap before GC invocations=642 (full 3):
 PSYoungGen      total 6144K, used 6140K [0x00000000d5580000, 0x00000000d5e00000, 0x0000000100000000)
  eden space 5632K, 100% used [0x00000000d5580000,0x00000000d5b00000,0x00000000d5b00000)
  from space 512K, 99% used [0x00000000d5d80000,0x00000000d5dff0b8,0x00000000d5e00000)
  to   space 1024K, 0% used [0x00000000d5c00000,0x00000000d5c00000,0x00000000d5d00000)
 ParOldGen       total 541184K, used 540831K [0x0000000080000000, 0x00000000a1080000, 0x00000000d5580000)
  object space 541184K, 99% used [0x0000000080000000,0x00000000a1027c48,0x00000000a1080000)
 Metaspace       used 88278K, committed 89984K, reserved 1179648K
  class space    used 10530K, committed 11264K, reserved 1048576K
}
Event: 369.522 GC heap after
{Heap after GC invocations=642 (full 3):
 PSYoungGen      total 6656K, used 416K [0x00000000d5580000, 0x00000000d5e00000, 0x0000000100000000)
  eden space 5632K, 0% used [0x00000000d5580000,0x00000000d5580000,0x00000000d5b00000)
  from space 1024K, 40% used [0x00000000d5c00000,0x00000000d5c68000,0x00000000d5d00000)
  to   space 512K, 0% used [0x00000000d5d80000,0x00000000d5d80000,0x00000000d5e00000)
 ParOldGen       total 541184K, used 541151K [0x0000000080000000, 0x00000000a1080000, 0x00000000d5580000)
  object space 541184K, 99% used [0x0000000080000000,0x00000000a1077f88,0x00000000a1080000)
 Metaspace       used 88278K, committed 89984K, reserved 1179648K
  class space    used 10530K, committed 11264K, reserved 1048576K
}
Event: 433.998 GC heap before
{Heap before GC invocations=643 (full 3):
 PSYoungGen      total 6656K, used 6048K [0x00000000d5580000, 0x00000000d5e00000, 0x0000000100000000)
  eden space 5632K, 100% used [0x00000000d5580000,0x00000000d5b00000,0x00000000d5b00000)
  from space 1024K, 40% used [0x00000000d5c00000,0x00000000d5c68000,0x00000000d5d00000)
  to   space 512K, 0% used [0x00000000d5d80000,0x00000000d5d80000,0x00000000d5e00000)
 ParOldGen       total 541184K, used 541151K [0x0000000080000000, 0x00000000a1080000, 0x00000000d5580000)
  object space 541184K, 99% used [0x0000000080000000,0x00000000a1077f88,0x00000000a1080000)
 Metaspace       used 88673K, committed 90432K, reserved 1179648K
  class space    used 10587K, committed 11328K, reserved 1048576K
}
Event: 434.004 GC heap after
{Heap after GC invocations=643 (full 3):
 PSYoungGen      total 6144K, used 352K [0x00000000d5580000, 0x00000000d5e00000, 0x0000000100000000)
  eden space 5632K, 0% used [0x00000000d5580000,0x00000000d5580000,0x00000000d5b00000)
  from space 512K, 68% used [0x00000000d5d80000,0x00000000d5dd8000,0x00000000d5e00000)
  to   space 512K, 0% used [0x00000000d5d00000,0x00000000d5d00000,0x00000000d5d80000)
 ParOldGen       total 541696K, used 541311K [0x0000000080000000, 0x00000000a1100000, 0x00000000d5580000)
  object space 541696K, 99% used [0x0000000080000000,0x00000000a109ff88,0x00000000a1100000)
 Metaspace       used 88673K, committed 90432K, reserved 1179648K
  class space    used 10587K, committed 11328K, reserved 1048576K
}

